::1 - - [06/Nov/2025 21:20:55] "GET / HTTP/1.1" 200 -
::1 - - [06/Nov/2025 21:21:07] "GET /index.html HTTP/1.1" 200 -
::1 - - [06/Nov/2025 21:21:07] code 404, message File not found
::1 - - [06/Nov/2025 21:21:07] "GET /incredible-lighting-logo.png HTTP/1.1" 404 -
::1 - - [06/Nov/2025 21:21:07] code 404, message File not found
::1 - - [06/Nov/2025 21:21:07] "GET /favicon.ico HTTP/1.1" 404 -
::1 - - [07/Nov/2025 05:34:39] "GET /index.html HTTP/1.1" 200 -
::1 - - [07/Nov/2025 05:34:39] code 404, message File not found
::1 - - [07/Nov/2025 05:34:39] "GET /incredible-lighting-logo.png HTTP/1.1" 404 -
::1 - - [07/Nov/2025 05:40:08] "GET /index.html HTTP/1.1" 200 -
::1 - - [07/Nov/2025 05:40:08] code 404, message File not found
::1 - - [07/Nov/2025 05:40:08] "GET /incredible-lighting-logo.png HTTP/1.1" 404 -
::1 - - [07/Nov/2025 05:43:37] "GET /index.html HTTP/1.1" 200 -
::1 - - [07/Nov/2025 05:43:37] code 404, message File not found
::1 - - [07/Nov/2025 05:43:37] "GET /incredible-lighting-logo.png HTTP/1.1" 404 -
::1 - - [07/Nov/2025 05:46:44] "GET /index.html HTTP/1.1" 200 -
::1 - - [07/Nov/2025 05:46:44] code 404, message File not found
::1 - - [07/Nov/2025 05:46:44] "GET /incredible-lighting-logo.png HTTP/1.1" 404 -
::1 - - [07/Nov/2025 05:51:24] "GET /index.html HTTP/1.1" 200 -
::1 - - [07/Nov/2025 05:51:24] code 404, message File not found
::1 - - [07/Nov/2025 05:51:24] "GET /incredible-lighting-logo.png HTTP/1.1" 404 -
::1 - - [07/Nov/2025 05:51:31] "GET /index.html HTTP/1.1" 304 -
::1 - - [07/Nov/2025 05:51:31] code 404, message File not found
::1 - - [07/Nov/2025 05:51:31] "GET /incredible-lighting-logo.png HTTP/1.1" 404 -
::1 - - [07/Nov/2025 05:51:32] "GET /index.html HTTP/1.1" 304 -
::1 - - [07/Nov/2025 05:51:32] code 404, message File not found
::1 - - [07/Nov/2025 05:51:32] "GET /incredible-lighting-logo.png HTTP/1.1" 404 -
::1 - - [07/Nov/2025 05:51:44] "GET /index.html HTTP/1.1" 304 -
::1 - - [07/Nov/2025 05:51:44] code 404, message File not found
::1 - - [07/Nov/2025 05:51:44] "GET /incredible-lighting-logo.png HTTP/1.1" 404 -
::1 - - [07/Nov/2025 05:51:45] "GET /index.html HTTP/1.1" 304 -
::1 - - [07/Nov/2025 05:51:45] code 404, message File not found
::1 - - [07/Nov/2025 05:51:45] "GET /incredible-lighting-logo.png HTTP/1.1" 404 -
::1 - - [07/Nov/2025 05:52:31] "GET / HTTP/1.1" 200 -
::1 - - [07/Nov/2025 06:02:26] "GET /index.html HTTP/1.1" 200 -
::1 - - [07/Nov/2025 06:02:26] code 404, message File not found
::1 - - [07/Nov/2025 06:02:26] "GET /incredible-lighting-logo.png HTTP/1.1" 404 -
::1 - - [07/Nov/2025 06:02:27] "GET /index.html HTTP/1.1" 304 -
::1 - - [07/Nov/2025 06:02:27] code 404, message File not found
::1 - - [07/Nov/2025 06:02:27] "GET /incredible-lighting-logo.png HTTP/1.1" 404 -
::1 - - [07/Nov/2025 06:02:31] "GET /index.html HTTP/1.1" 304 -
::1 - - [07/Nov/2025 06:02:31] code 404, message File not found
::1 - - [07/Nov/2025 06:02:31] "GET /incredible-lighting-logo.png HTTP/1.1" 404 -
::1 - - [07/Nov/2025 06:02:31] "GET /index.html HTTP/1.1" 304 -
::1 - - [07/Nov/2025 06:02:31] code 404, message File not found
::1 - - [07/Nov/2025 06:02:31] "GET /incredible-lighting-logo.png HTTP/1.1" 404 -
::1 - - [07/Nov/2025 06:02:34] code 404, message File not found
::1 - - [07/Nov/2025 06:02:34] "GET /incredible-lighting-logo.png HTTP/1.1" 404 -
::1 - - [07/Nov/2025 06:02:45] code 404, message File not found
::1 - - [07/Nov/2025 06:02:45] "GET /.well-known/appspecific/com.chrome.devtools.json HTTP/1.1" 404 -
::1 - - [07/Nov/2025 06:05:05] "GET /index.html HTTP/1.1" 304 -
::1 - - [07/Nov/2025 06:05:05] code 404, message File not found
::1 - - [07/Nov/2025 06:05:05] "GET /incredible-lighting-logo.png HTTP/1.1" 404 -
::1 - - [07/Nov/2025 06:05:06] "GET /index.html HTTP/1.1" 304 -
::1 - - [07/Nov/2025 06:05:06] code 404, message File not found
::1 - - [07/Nov/2025 06:05:06] "GET /incredible-lighting-logo.png HTTP/1.1" 404 -
